02:10:09.973 [print] user02100913
02:10:10.092 request:
1 > POST https://petstore.swagger.io/v2/user
1 > Accept-Encoding: gzip,deflate
1 > Connection: Keep-Alive
1 > Content-Length: 164
1 > Content-Type: application/json; charset=UTF-8
1 > Host: petstore.swagger.io
1 > User-Agent: Apache-HttpClient/4.5.5 (Java/11.0.15)
{"id":0,"username":"user02100913","firstName":"gabriel","lastName":"useche","email":"gjusecheo@gmail.com","password":"Pass1234","phone":"3166264244","userStatus":0}

02:10:10.928 response time in milliseconds: 828.29
1 < 200
1 < Access-Control-Allow-Headers: Content-Type, api_key, Authorization
1 < Access-Control-Allow-Methods: GET, POST, DELETE, PUT
1 < Access-Control-Allow-Origin: *
1 < Connection: keep-alive
1 < Content-Type: application/json
1 < Date: Mon, 26 Dec 2022 07:10:10 GMT
1 < Server: Jetty(9.2.9.v20150224)
1 < Transfer-Encoding: chunked
{"code":200,"type":"unknown","message":"9223372036854594627"}

02:10:11.125 [print] id user is 9.2233720368545946E18
02:10:11.162 request:
2 > GET https://petstore.swagger.io/v2/user/user02100913
2 > Accept-Encoding: gzip,deflate
2 > Connection: Keep-Alive
2 > Host: petstore.swagger.io
2 > User-Agent: Apache-HttpClient/4.5.5 (Java/11.0.15)

02:10:11.607 response time in milliseconds: 437.29
2 < 200
2 < Access-Control-Allow-Headers: Content-Type, api_key, Authorization
2 < Access-Control-Allow-Methods: GET, POST, DELETE, PUT
2 < Access-Control-Allow-Origin: *
2 < Connection: keep-alive
2 < Content-Type: application/json
2 < Date: Mon, 26 Dec 2022 07:10:11 GMT
2 < Server: Jetty(9.2.9.v20150224)
2 < Transfer-Encoding: chunked
{"id":9223372036854594627,"username":"user02100913","firstName":"gabriel","lastName":"useche","email":"gjusecheo@gmail.com","password":"Pass1234","phone":"3166264244","userStatus":0}

