02:10:10.088 request:
1 > GET https://petstore.swagger.io/v2/pet/findByStatus?status=sold
1 > Accept-Encoding: gzip,deflate
1 > Connection: Keep-Alive
1 > Host: petstore.swagger.io
1 > User-Agent: Apache-HttpClient/4.5.5 (Java/11.0.15)

02:10:10.928 response time in milliseconds: 832.29
1 < 200
1 < Access-Control-Allow-Headers: Content-Type, api_key, Authorization
1 < Access-Control-Allow-Methods: GET, POST, DELETE, PUT
1 < Access-Control-Allow-Origin: *
1 < Connection: keep-alive
1 < Content-Type: application/json
1 < Date: Mon, 26 Dec 2022 07:10:10 GMT
1 < Server: Jetty(9.2.9.v20150224)
1 < Transfer-Encoding: chunked
[{"id":13,"category":{"id":1,"name":"cat"},"name":"Rosie","photoUrls":["string"],"tags":[{"id":0,"name":"string"}],"status":"sold"},{"id":14,"category":{"id":2,"name":"dog"},"name":"Ruby","photoUrls":["string"],"tags":[{"id":0,"name":"string"}],"status":"sold"},{"id":15,"category":{"id":1,"name":"cat"},"name":"Siemen","photoUrls":["string"],"tags":[{"id":0,"name":"string"}],"status":"sold"}]

02:10:11.233 [print] [
  {
    "id": 13,
    "name": "Rosie"
  },
  {
    "id": 14,
    "name": "Ruby"
  },
  {
    "id": 15,
    "name": "Siemen"
  }
]

